c:\bstu\3 kurs\3 kurs 1 sem\okg\lab1\lab01\debug\lab1.pch
c:\bstu\3 kurs\3 kurs 1 sem\okg\lab1\lab01\debug\vc143.pdb
c:\bstu\3 kurs\3 kurs 1 sem\okg\lab1\lab01\debug\vc143.idb
c:\bstu\3 kurs\3 kurs 1 sem\okg\lab1\lab01\debug\stdafx.obj
c:\bstu\3 kurs\3 kurs 1 sem\okg\lab1\lab01\debug\mainfrm.obj
c:\bstu\3 kurs\3 kurs 1 sem\okg\lab1\lab01\debug\libgraph.obj
c:\bstu\3 kurs\3 kurs 1 sem\okg\lab1\lab01\debug\lab01.obj
c:\bstu\3 kurs\3 kurs 1 sem\okg\lab1\lab01\debug\cmatrix.obj
c:\bstu\3 kurs\3 kurs 1 sem\okg\lab1\lab01\debug\childview.obj
c:\bstu\3 kurs\3 kurs 1 sem\okg\lab1\debug\lab1.exe
c:\bstu\3 kurs\3 kurs 1 sem\okg\lab1\lab01\debug\lab1.ilk
c:\bstu\3 kurs\3 kurs 1 sem\okg\lab1\debug\lab1.pdb
c:\bstu\3 kurs\3 kurs 1 sem\okg\lab1\lab01\debug\lab01.res
c:\bstu\3 kurs\3 kurs 1 sem\okg\lab1\lab01\debug\lab1.tlog\cl.command.1.tlog
c:\bstu\3 kurs\3 kurs 1 sem\okg\lab1\lab01\debug\lab1.tlog\cl.items.tlog
c:\bstu\3 kurs\3 kurs 1 sem\okg\lab1\lab01\debug\lab1.tlog\cl.read.1.tlog
c:\bstu\3 kurs\3 kurs 1 sem\okg\lab1\lab01\debug\lab1.tlog\cl.write.1.tlog
c:\bstu\3 kurs\3 kurs 1 sem\okg\lab1\lab01\debug\lab1.tlog\link.command.1.tlog
c:\bstu\3 kurs\3 kurs 1 sem\okg\lab1\lab01\debug\lab1.tlog\link.read.1.tlog
c:\bstu\3 kurs\3 kurs 1 sem\okg\lab1\lab01\debug\lab1.tlog\link.write.1.tlog
c:\bstu\3 kurs\3 kurs 1 sem\okg\lab1\lab01\debug\lab1.tlog\rc.command.1.tlog
c:\bstu\3 kurs\3 kurs 1 sem\okg\lab1\lab01\debug\lab1.tlog\rc.read.1.tlog
c:\bstu\3 kurs\3 kurs 1 sem\okg\lab1\lab01\debug\lab1.tlog\rc.write.1.tlog
